<?xml version="1.0" encoding="UTF-8"?>
<testsuite name="algorithms.BubbleSortTest" tests="1" skipped="0" failures="0" errors="0" timestamp="2024-02-03T16:21:35" hostname="framework" time="0.001">
  <properties/>
  <testcase name="bubbleSortTest" classname="algorithms.BubbleSortTest" time="0.001"/>
  <system-out><![CDATA[]]></system-out>
  <system-err><![CDATA[]]></system-err>
</testsuite>
